[    0.000000] Initializing cgroup subsys cpuset
[    0.000000] Initializing cgroup subsys cpu
[    0.000000] Initializing cgroup subsys cpuacct
[    0.000000] Linux version 4.4.0-210-generic (buildd@lgw01-amd64-009) (gcc version 5.4.0 20160609 (Ubuntu 5.4.0-6ubuntu1~16.04.12) ) #242-Ubuntu SMP Fri Apr 16 09:57:56 UTC 2021 (Ubuntu 4.4.0-210.242-generic 4.4.262)
[    0.000000] Command line: BOOT_IMAGE=/boot/vmlinuz-4.4.0-210-generic root=LABEL=cloudimg-rootfs ro console=tty1 console=ttyS0
[    0.000000] KERNEL supported cpus:
[    0.000000]   Intel GenuineIntel
[    0.000000]   AMD AuthenticAMD
[    0.000000]   Centaur CentaurHauls
[    0.000000] x86/fpu: xstate_offset[2]:  576, xstate_sizes[2]:  256
[    0.000000] x86/fpu: Supporting XSAVE feature 0x01: 'x87 floating point registers'
[    0.000000] x86/fpu: Supporting XSAVE feature 0x02: 'SSE registers'
[    0.000000] x86/fpu: Supporting XSAVE feature 0x04: 'AVX registers'
[    0.000000] x86/fpu: Enabled xstate features 0x7, context size is 832 bytes, using 'standard' format.
[    0.000000] e820: BIOS-provided physical RAM map:
[    0.000000] BIOS-e820: [mem 0x0000000000000000-0x000000000009fbff] usable
[    0.000000] BIOS-e820: [mem 0x000000000009fc00-0x000000000009ffff] reserved
[    0.000000] BIOS-e820: [mem 0x00000000000f0000-0x00000000000fffff] reserved
[    0.000000] BIOS-e820: [mem 0x0000000000100000-0x000000003ffeffff] usable
[    0.000000] BIOS-e820: [mem 0x000000003fff0000-0x000000003fffffff] ACPI data
[    0.000000] BIOS-e820: [mem 0x00000000fec00000-0x00000000fec00fff] reserved
[    0.000000] BIOS-e820: [mem 0x00000000fee00000-0x00000000fee00fff] reserved
[    0.000000] BIOS-e820: [mem 0x00000000fffc0000-0x00000000ffffffff] reserved
[    0.000000] NX (Execute Disable) protection: active
[    0.000000] SMBIOS 2.5 present.
[    0.000000] Hypervisor detected: KVM
[    0.000000] Kernel/User page tables isolation: disabled
[    0.000000] e820: last_pfn = 0x3fff0 max_arch_pfn = 0x400000000
[    0.000000] MTRR: Disabled
[    0.000000] x86/PAT: MTRRs disabled, skipping PAT initialization too.
[    0.000000] CPU MTRRs all blank - virtualized system.
[    0.000000] x86/PAT: Configuration [0-7]: WB  WT  UC- UC  WB  WT  UC- UC  
[    0.000000] found SMP MP-table at [mem 0x0009fff0-0x0009ffff] mapped at [ffff88000009fff0]
[    0.000000] Scanning 1 areas for low memory corruption
[    0.000000] RAMDISK: [mem 0x362dc000-0x37165fff]
[    0.000000] ACPI: Early table checksum verification disabled
[    0.000000] ACPI: RSDP 0x00000000000E0000 000024 (v02 VBOX  )
[    0.000000] ACPI: XSDT 0x000000003FFF0030 00003C (v01 VBOX   VBOXXSDT 00000001 ASL  00000061)
[    0.000000] ACPI: FACP 0x000000003FFF00F0 0000F4 (v04 VBOX   VBOXFACP 00000001 ASL  00000061)
[    0.000000] ACPI: DSDT 0x000000003FFF0470 002325 (v02 VBOX   VBOXBIOS 00000002 INTL 20100528)
[    0.000000] ACPI: FACS 0x000000003FFF0200 000040
[    0.000000] ACPI: FACS 0x000000003FFF0200 000040
[    0.000000] ACPI: APIC 0x000000003FFF0240 00005C (v02 VBOX   VBOXAPIC 00000001 ASL  00000061)
[    0.000000] ACPI: SSDT 0x000000003FFF02A0 0001CC (v01 VBOX   VBOXCPUT 00000002 INTL 20100528)
[    0.000000] No NUMA configuration found
[    0.000000] Faking a node at [mem 0x0000000000000000-0x000000003ffeffff]
[    0.000000] NODE_DATA(0) allocated [mem 0x3ffeb000-0x3ffeffff]
[    0.000000] kvm-clock: Using msrs 4b564d01 and 4b564d00
[    0.000000] kvm-clock: cpu 0, msr 0:3ffe3001, primary cpu clock
[    0.000000] kvm-clock: using sched offset of 4190938930 cycles
[    0.000000] clocksource: kvm-clock: mask: 0xffffffffffffffff max_cycles: 0x1cd42e4dffb, max_idle_ns: 881590591483 ns
[    0.000000] Zone ranges:
[    0.000000]   DMA      [mem 0x0000000000001000-0x0000000000ffffff]
[    0.000000]   DMA32    [mem 0x0000000001000000-0x000000003ffeffff]
[    0.000000]   Normal   empty
[    0.000000]   Device   empty
[    0.000000] Movable zone start for each node
[    0.000000] Early memory node ranges
[    0.000000]   node   0: [mem 0x0000000000001000-0x000000000009efff]
[    0.000000]   node   0: [mem 0x0000000000100000-0x000000003ffeffff]
[    0.000000] Initmem setup node 0 [mem 0x0000000000001000-0x000000003ffeffff]
[    0.000000] ACPI: PM-Timer IO Port: 0x4008
[    0.000000] IOAPIC[0]: apic_id 2, version 32, address 0xfec00000, GSI 0-23
[    0.000000] ACPI: INT_SRC_OVR (bus 0 bus_irq 0 global_irq 2 dfl dfl)
[    0.000000] ACPI: INT_SRC_OVR (bus 0 bus_irq 9 global_irq 9 low level)
[    0.000000] Using ACPI (MADT) for SMP configuration information
[    0.000000] smpboot: Allowing 2 CPUs, 0 hotplug CPUs
[    0.000000] PM: Registered nosave memory: [mem 0x00000000-0x00000fff]
[    0.000000] PM: Registered nosave memory: [mem 0x0009f000-0x0009ffff]
[    0.000000] PM: Registered nosave memory: [mem 0x000a0000-0x000effff]
[    0.000000] PM: Registered nosave memory: [mem 0x000f0000-0x000fffff]
[    0.000000] e820: [mem 0x40000000-0xfebfffff] available for PCI devices
[    0.000000] Booting paravirtualized kernel on KVM
[    0.000000] clocksource: refined-jiffies: mask: 0xffffffff max_cycles: 0xffffffff, max_idle_ns: 7645519600211568 ns
[    0.000000] setup_percpu: NR_CPUS:512 nr_cpumask_bits:512 nr_cpu_ids:2 nr_node_ids:1
[    0.000000] PERCPU: Embedded 33 pages/cpu @ffff88003fc00000 s95192 r8192 d31784 u1048576
[    0.000000] Built 1 zonelists in Node order, mobility grouping on.  Total pages: 257912
[    0.000000] Policy zone: DMA32
[    0.000000] Kernel command line: BOOT_IMAGE=/boot/vmlinuz-4.4.0-210-generic root=LABEL=cloudimg-rootfs ro console=tty1 console=ttyS0
[    0.000000] PID hash table entries: 4096 (order: 3, 32768 bytes)
[    0.000000] Memory: 997792K/1048120K available (8644K kernel code, 1332K rwdata, 4044K rodata, 1492K init, 1164K bss, 50328K reserved, 0K cma-reserved)
[    0.000000] SLUB: HWalign=64, Order=0-3, MinObjects=0, CPUs=2, Nodes=1
[    0.000000] Hierarchical RCU implementation.
[    0.000000] 	Build-time adjustment of leaf fanout to 64.
[    0.000000] 	RCU restricting CPUs from NR_CPUS=512 to nr_cpu_ids=2.
[    0.000000] RCU: Adjusting geometry for rcu_fanout_leaf=64, nr_cpu_ids=2
[    0.000000] NR_IRQS:33024 nr_irqs:440 16
[    0.000000] Console: colour VGA+ 80x25
[    0.000000] console [tty1] enabled
[    0.000000] console [ttyS0] enabled
[    0.000000] tsc: Detected 1799.999 MHz processor
[    0.310902] Calibrating delay loop (skipped) preset value.. 3599.99 BogoMIPS (lpj=7199996)
[    0.312640] pid_max: default: 32768 minimum: 301
[    0.313689] ACPI: Core revision 20150930
[    0.315365] ACPI: 2 ACPI AML tables successfully acquired and loaded
[    0.317015] Security Framework initialized
[    0.317945] Yama: becoming mindful.
[    0.318893] AppArmor: AppArmor initialized
[    0.319959] Dentry cache hash table entries: 131072 (order: 8, 1048576 bytes)
[    0.321792] Inode-cache hash table entries: 65536 (order: 7, 524288 bytes)
[    0.327157] Mount-cache hash table entries: 2048 (order: 2, 16384 bytes)
[    0.328669] Mountpoint-cache hash table entries: 2048 (order: 2, 16384 bytes)
[    0.330911] Initializing cgroup subsys io
[    0.332223] Initializing cgroup subsys memory
[    0.333734] Initializing cgroup subsys devices
[    0.335467] Initializing cgroup subsys freezer
[    0.336546] Initializing cgroup subsys net_cls
[    0.337416] Initializing cgroup subsys perf_event
[    0.338334] Initializing cgroup subsys net_prio
[    0.339553] Initializing cgroup subsys hugetlb
[    0.340656] Initializing cgroup subsys pids
[    0.352321] mce: CPU supports 0 MCE banks
[    0.353669] Last level iTLB entries: 4KB 64, 2MB 8, 4MB 8
[    0.354946] Last level dTLB entries: 4KB 64, 2MB 0, 4MB 0, 1GB 4
[    0.356433] Spectre V1 : Mitigation: usercopy/swapgs barriers and __user pointer sanitization
[    0.358590] Spectre V2 : Mitigation: Full generic retpoline
[    0.359771] Spectre V2 : Spectre v2 / SpectreRSB mitigation: Filling RSB on context switch
[    0.361646] Speculative Store Bypass: Vulnerable
[    0.362950] SRBDS: Mitigation: TSX disabled
[    0.367190] Freeing SMP alternatives memory: 36K
[    0.375485] ftrace: allocating 32380 entries in 127 pages
[    0.437683] smpboot: APIC(0) Converting physical 0 to logical package 0
[    0.439370] smpboot: Max logical packages: 1
[    0.440614] x2apic enabled
[    0.441574] Switched APIC routing to physical x2apic.
[    0.443970] ..TIMER: vector=0x30 apic1=0 pin1=2 apic2=-1 pin2=-1
[    0.553409] smpboot: CPU0: Intel(R) Core(TM) i5-8265U CPU @ 1.60GHz (family: 0x6, model: 0x8e, stepping: 0xc)
[    0.556116] Performance Events: unsupported p6 CPU model 142 no PMU driver, software events only.
[    0.567821] KVM setup paravirtual spinlock
[    0.569529] x86: Booting SMP configuration:
[    0.570828] .... node  #0, CPUs:      #1
[    0.572023] kvm-clock: cpu 1, msr 0:3ffe3041, secondary cpu clock
[    0.584520] mce: CPU supports 0 MCE banks
[    0.587275] x86: Booted up 1 node, 2 CPUs
[    0.588569] smpboot: Total of 2 processors activated (7199.99 BogoMIPS)
[    0.590541] devtmpfs: initialized
[    0.593374] evm: security.selinux
[    0.594316] evm: security.SMACK64
[    0.595227] evm: security.SMACK64EXEC
[    0.596257] evm: security.SMACK64TRANSMUTE
[    0.597256] evm: security.SMACK64MMAP
[    0.598235] evm: security.ima
[    0.599043] evm: security.capability
[    0.600025] clocksource: jiffies: mask: 0xffffffff max_cycles: 0xffffffff, max_idle_ns: 7645041785100000 ns
[    0.602389] futex hash table entries: 512 (order: 3, 32768 bytes)
[    0.604223] pinctrl core: initialized pinctrl subsystem
[    0.605962] RTC time: 13:42:59, date: 10/18/22
[    0.611307] NET: Registered protocol family 16
[    0.622948] cpuidle: using governor ladder
[    0.633999] cpuidle: using governor menu
[    0.635124] PCCT header not found.
[    0.636052] ACPI: bus type PCI registered
[    0.636973] acpiphp: ACPI Hot Plug PCI Controller Driver version: 0.5
[    0.638532] PCI: Using configuration type 1 for base access
[    0.652116] ACPI: Added _OSI(Module Device)
[    0.653203] ACPI: Added _OSI(Processor Device)
[    0.654868] ACPI: Added _OSI(3.0 _SCP Extensions)
[    0.656143] ACPI: Added _OSI(Processor Aggregator Device)
[    0.657897] ACPI: Executed 1 blocks of module-level executable AML code
[    0.660986] ACPI: Interpreter enabled
[    0.661832] ACPI: (supports S0 S5)
[    0.662656] ACPI: Using IOAPIC for interrupt routing
[    0.663764] PCI: Using host bridge windows from ACPI; if necessary, use "pci=nocrs" and report a bug
[    0.668867] ACPI: PCI Root Bridge [PCI0] (domain 0000 [bus 00-ff])
[    0.669964] acpi PNP0A03:00: _OSC: OS supports [ASPM ClockPM Segments MSI]
[    0.671831] acpi PNP0A03:00: _OSC: not requesting OS control; OS requires [ExtendedConfig ASPM ClockPM MSI]
[    0.673886] acpi PNP0A03:00: fail to add MMCONFIG information, can't access extended PCI configuration space under this bridge.
[    0.676779] PCI host bridge to bus 0000:00
[    0.677893] pci_bus 0000:00: root bus resource [io  0x0000-0x0cf7 window]
[    0.679396] pci_bus 0000:00: root bus resource [io  0x0d00-0xffff window]
[    0.681001] pci_bus 0000:00: root bus resource [mem 0x000a0000-0x000bffff window]
[    0.682901] pci_bus 0000:00: root bus resource [mem 0x40000000-0xfdffffff window]
[    0.685214] pci_bus 0000:00: root bus resource [bus 00-ff]
[    0.688037] pci 0000:00:01.1: legacy IDE quirk: reg 0x10: [io  0x01f0-0x01f7]
[    0.689461] pci 0000:00:01.1: legacy IDE quirk: reg 0x14: [io  0x03f6]
[    0.691216] pci 0000:00:01.1: legacy IDE quirk: reg 0x18: [io  0x0170-0x0177]
[    0.692839] pci 0000:00:01.1: legacy IDE quirk: reg 0x1c: [io  0x0376]
[    0.724390] pci 0000:00:07.0: quirk: [io  0x4000-0x403f] claimed by PIIX4 ACPI
[    0.726399] pci 0000:00:07.0: quirk: [io  0x4100-0x410f] claimed by PIIX4 SMB
[    0.738015] ACPI: PCI Interrupt Link [LNKA] (IRQs 5 9 10 *11)
[    0.740326] ACPI: PCI Interrupt Link [LNKB] (IRQs 5 9 *10 11)
[    0.742429] ACPI: PCI Interrupt Link [LNKC] (IRQs 5 *9 10 11)
[    0.744431] ACPI: PCI Interrupt Link [LNKD] (IRQs 5 9 10 *11)
[    0.746483] ACPI: Enabled 2 GPEs in block 00 to 07
[    0.747970] vgaarb: setting as boot device: PCI:0000:00:02.0
[    0.749222] vgaarb: device added: PCI:0000:00:02.0,decodes=io+mem,owns=io+mem,locks=none
[    0.751217] vgaarb: loaded
[    0.752073] vgaarb: bridge control possible 0000:00:02.0
[    0.753801] SCSI subsystem initialized
[    0.755195] ACPI: bus type USB registered
[    0.756174] usbcore: registered new interface driver usbfs
[    0.757748] usbcore: registered new interface driver hub
[    0.759225] usbcore: registered new device driver usb
[    0.760818] PCI: Using ACPI for IRQ routing
[    0.762224] NetLabel: Initializing
[    0.763224] NetLabel:  domain hash size = 128
[    0.764298] NetLabel:  protocols = UNLABELED CIPSOv4
[    0.765483] NetLabel:  unlabeled traffic allowed by default
[    0.766794] amd_nb: Cannot enumerate AMD northbridges
[    0.768038] clocksource: Switched to clocksource kvm-clock
[    0.780239] AppArmor: AppArmor Filesystem Enabled
[    0.781512] pnp: PnP ACPI init
[    0.782909] pnp: PnP ACPI: found 3 devices
[    0.793914] clocksource: acpi_pm: mask: 0xffffff max_cycles: 0xffffff, max_idle_ns: 2085701024 ns
[    0.796231] NET: Registered protocol family 2
[    0.797508] TCP established hash table entries: 8192 (order: 4, 65536 bytes)
[    0.799132] TCP bind hash table entries: 8192 (order: 5, 131072 bytes)
[    0.800940] TCP: Hash tables configured (established 8192 bind 8192)
[    0.802590] UDP hash table entries: 512 (order: 2, 16384 bytes)
[    0.804080] UDP-Lite hash table entries: 512 (order: 2, 16384 bytes)
[    0.806016] NET: Registered protocol family 1
[    0.807559] pci 0000:00:00.0: Limiting direct PCI/PCI transfers
[    0.809004] pci 0000:00:01.0: Activating ISA DMA hang workarounds
[    0.813254] Unpacking initramfs...
[    1.150503] Freeing initrd memory: 14888K
[    1.151759] clocksource: tsc: mask: 0xffffffffffffffff max_cycles: 0x19f228ab7a2, max_idle_ns: 440795289252 ns
[    1.154202] platform rtc_cmos: registered platform RTC device (no PNP device found)
[    1.156520] Scanning for low memory corruption every 60 seconds
[    1.158351] audit: initializing netlink subsys (disabled)
[    1.160184] audit: type=2000 audit(1666100585.911:1): initialized
[    1.162197] Initialise system trusted keyring
[    1.163415] HugeTLB registered 2 MB page size, pre-allocated 0 pages
[    1.166052] zbud: loaded
[    1.167111] VFS: Disk quotas dquot_6.6.0
[    1.168170] VFS: Dquot-cache hash table entries: 512 (order 0, 4096 bytes)
[    1.169949] squashfs: version 4.0 (2009/01/31) Phillip Lougher
[    1.175432] fuse init (API version 7.23)
[    1.176576] Key type big_key registered
[    1.177576] Allocating IMA MOK and blacklist keyrings.
[    1.179837] Key type asymmetric registered
[    1.181029] Asymmetric key parser 'x509' registered
[    1.182330] Block layer SCSI generic (bsg) driver version 0.4 loaded (major 249)
[    1.184217] io scheduler noop registered
[    1.185177] io scheduler deadline registered (default)
[    1.186548] io scheduler cfq registered
[    1.187663] pci_hotplug: PCI Hot Plug PCI Core version: 0.5
[    1.189078] pciehp: PCI Express Hot Plug Controller Driver version: 0.4
[    1.190995] ACPI: AC Adapter [AC] (off-line)
[    1.192127] input: Power Button as /devices/LNXSYSTM:00/LNXPWRBN:00/input/input0
[    1.194171] ACPI: Power Button [PWRF]
[    1.195224] input: Sleep Button as /devices/LNXSYSTM:00/LNXSLPBN:00/input/input1
[    1.197375] ACPI: Sleep Button [SLPF]
[    1.199322] ACPI: Battery Slot [BAT0] (battery present)
[    1.201048] GHES: HEST is not enabled!
[    1.202151] Serial: 8250/16550 driver, 32 ports, IRQ sharing enabled
[    1.224237] 00:02: ttyS0 at I/O 0x3f8 (irq = 4, base_baud = 115200) is a 16550A
[    1.226865] Linux agpgart interface v0.103
[    1.229535] loop: module loaded
[    1.230940] scsi host0: ata_piix
[    1.231993] scsi host1: ata_piix
[    1.232968] ata1: PATA max UDMA/33 cmd 0x1f0 ctl 0x3f6 bmdma 0xd000 irq 14
[    1.235122] ata2: PATA max UDMA/33 cmd 0x170 ctl 0x376 bmdma 0xd008 irq 15
[    1.237038] libphy: Fixed MDIO Bus: probed
[    1.238061] tun: Universal TUN/TAP device driver, 1.6
[    1.239394] tun: (C) 1999-2004 Max Krasnyansky <maxk@qualcomm.com>
[    1.240924] PPP generic driver version 2.4.2
[    1.241941] ehci_hcd: USB 2.0 'Enhanced' Host Controller (EHCI) Driver
[    1.243302] ehci-pci: EHCI PCI platform driver
[    1.244303] ehci-platform: EHCI generic platform driver
[    1.245865] ohci_hcd: USB 1.1 'Open' Host Controller (OHCI) Driver
[    1.247242] ohci-pci: OHCI PCI platform driver
[    1.248232] ohci-platform: OHCI generic platform driver
[    1.249557] uhci_hcd: USB Universal Host Controller Interface driver
[    1.251157] i8042: PNP: PS/2 Controller [PNP0303:PS2K,PNP0f03:PS2M] at 0x60,0x64 irq 1,12
[    1.253539] serio: i8042 KBD port at 0x60,0x64 irq 1
[    1.254733] serio: i8042 AUX port at 0x60,0x64 irq 12
[    1.255944] mousedev: PS/2 mouse device common for all mice
[    1.258074] input: AT Translated Set 2 keyboard as /devices/platform/i8042/serio0/input/input2
[    1.260192] rtc_cmos rtc_cmos: rtc core: registered rtc_cmos as rtc0
[    1.261756] rtc_cmos rtc_cmos: alarms up to one day, 114 bytes nvram
[    1.263475] i2c /dev entries driver
[    1.264516] device-mapper: uevent: version 1.0.3
[    1.265591] device-mapper: ioctl: 4.34.0-ioctl (2015-10-28) initialised: dm-devel@redhat.com
[    1.267693] ledtrig-cpu: registered to indicate activity on CPUs
[    1.269794] NET: Registered protocol family 10
[    1.271469] NET: Registered protocol family 17
[    1.272771] Key type dns_resolver registered
[    1.273971] registered taskstats version 1
[    1.275028] Loading compiled-in X.509 certificates
[    1.277388] Loaded X.509 cert 'Build time autogenerated kernel key: cf00e047681d67edb2720680708b7d9498083038'
[    1.279689] zswap: loaded using pool lzo/zbud
[    1.282372] Key type trusted registered
[    1.286393] Key type encrypted registered
[    1.287358] AppArmor: AppArmor sha1 policy hashing enabled
[    1.288691] ima: No TPM chip found, activating TPM-bypass!
[    1.290288] ima: Allocated hash algorithm: sha1
[    1.291503] evm: HMAC attrs: 0x1
[    1.297629]   Magic number: 10:440:736
[    1.299245] rtc_cmos rtc_cmos: setting system clock to 2022-10-18 13:43:00 UTC (1666100580)
[    1.301797] BIOS EDD facility v0.16 2004-Jun-25, 0 devices found
[    1.303297] EDD information not available.
[    1.827100] Freeing unused kernel memory: 1492K
[    1.828405] Write protecting the kernel read-only data: 14336k
[    1.830457] Freeing unused kernel memory: 1584K
[    1.831953] Freeing unused kernel memory: 52K
Loading, please wait...
starting version 229
[    1.846073] random: systemd-udevd: uninitialized urandom read (16 bytes read, 3 bits of entropy available)
[    1.846840] random: udevadm: uninitialized urandom read (16 bytes read, 3 bits of entropy available)
[    1.846876] random: udevadm: uninitialized urandom read (16 bytes read, 3 bits of entropy available)
[    1.855611] random: udevadm: uninitialized urandom read (16 bytes read, 3 bits of entropy available)
[    1.855660] random: udevadm: uninitialized urandom read (16 bytes read, 3 bits of entropy available)
[    1.855829] random: udevadm: uninitialized urandom read (16 bytes read, 3 bits of entropy available)
[    1.855894] random: udevadm: uninitialized urandom read (16 bytes read, 3 bits of entropy available)
[    1.855955] random: udevadm: uninitialized urandom read (16 bytes read, 3 bits of entropy available)
[    1.856015] random: udevadm: uninitialized urandom read (16 bytes read, 3 bits of entropy available)
[    1.856118] random: udevadm: uninitialized urandom read (16 bytes read, 3 bits of entropy available)
[    1.922039] e1000: Intel(R) PRO/1000 Network Driver - version 7.3.21-k8-NAPI
[    1.925574] e1000: Copyright (c) 1999-2006 Intel Corporation.
[    1.937758] Fusion MPT base driver 3.04.20
[    1.939532] Copyright (c) 1999-2008 LSI Corporation
[    1.958263] AVX2 version of gcm_enc/dec engaged.
[    1.960333] AES CTR mode by8 optimization enabled
[    1.970824] Fusion MPT SPI Host driver 3.04.20
[    2.149916] input: ImExPS/2 Generic Explorer Mouse as /devices/platform/i8042/serio1/input/input4
[    2.355216] e1000 0000:00:03.0 eth0: (PCI:33MHz:32-bit) 02:be:82:6b:cc:1d
[    2.357392] e1000 0000:00:03.0 eth0: Intel(R) PRO/1000 Network Connection
[    2.359733] mptbase: ioc0: Initiating bringup
[    2.424435] ioc0: LSI53C1030 A0: Capabilities={Initiator}
[    2.588567] scsi host2: ioc0: LSI53C1030 A0, FwRev=00000000h, Ports=1, MaxQ=256, IRQ=20
[    2.709110] scsi 2:0:0:0: Direct-Access     VBOX     HARDDISK         1.0  PQ: 0 ANSI: 5
[    2.713374] scsi target2:0:0: Beginning Domain Validation
[    2.717612] scsi target2:0:0: Domain Validation skipping write tests
[    2.720064] scsi target2:0:0: Ending Domain Validation
[    2.722203] scsi target2:0:0: asynchronous
[    2.724840] scsi 2:0:1:0: Direct-Access     VBOX     HARDDISK         1.0  PQ: 0 ANSI: 5
[    2.727863] scsi target2:0:1: Beginning Domain Validation
[    2.730520] scsi target2:0:1: Domain Validation skipping write tests
[    2.731919] scsi target2:0:1: Ending Domain Validation
[    2.733302] scsi target2:0:1: asynchronous
[    2.739454] sd 2:0:0:0: Attached scsi generic sg0 type 0
[    2.749685] sd 2:0:0:0: [sda] 83886080 512-byte logical blocks: (42.9 GB/40.0 GiB)
[    2.751697] sd 2:0:0:0: [sda] Write Protect is off
[    2.753392] sd 2:0:0:0: [sda] Incomplete mode parameter data
[    2.754516] sd 2:0:0:0: [sda] Assuming drive cache: write through
[    2.756649] sd 2:0:1:0: [sdb] 20480 512-byte logical blocks: (10.5 MB/10.0 MiB)
[    2.759144] sd 2:0:1:0: [sdb] Write Protect is off
[    2.760553] sd 2:0:1:0: Attached scsi generic sg1 type 0
[    2.762120] sd 2:0:1:0: [sdb] Incomplete mode parameter data
[    2.763542] sd 2:0:1:0: [sdb] Assuming drive cache: write through
[    2.769634]  sda: sda1
[    2.771416] sd 2:0:0:0: [sda] Attached SCSI disk
[    2.773372] sd 2:0:1:0: [sdb] Attached SCSI disk
[    3.183841] e1000 0000:00:08.0 eth1: (PCI:33MHz:32-bit) 08:00:27:75:25:d1
[    3.187330] e1000 0000:00:08.0 eth1: Intel(R) PRO/1000 Network Connection
[    3.193026] e1000 0000:00:03.0 enp0s3: renamed from eth0
[    3.205287] e1000 0000:00:08.0 enp0s8: renamed from eth1
Begin: Loading essential drivers ... [    4.748664] md: linear personality registered for level -1
[    4.752209] md: multipath personality registered for level -4
[    4.755793] md: raid0 personality registered for level 0
[    4.760356] md: raid1 personality registered for level 1
[    4.832125] raid6: sse2x1   gen()  8007 MB/s
[    4.900105] raid6: sse2x1   xor()  5751 MB/s
[    4.968103] raid6: sse2x2   gen() 12176 MB/s
[    5.036165] raid6: sse2x2   xor()  5677 MB/s
[    5.104137] raid6: sse2x4   gen()  6182 MB/s
[    5.172157] raid6: sse2x4   xor()  3986 MB/s
[    5.240172] raid6: avx2x1   gen()  8169 MB/s
[    5.312160] raid6: avx2x2   gen()  9975 MB/s
[    5.380130] raid6: avx2x4   gen() 10044 MB/s
[    5.382665] raid6: using algorithm sse2x2 gen() 12176 MB/s
[    5.385814] raid6: .... xor() 5677 MB/s, rmw enabled
[    5.388512] raid6: using avx2x2 recovery algorithm
[    5.394802] xor: automatically using best checksumming function:
[    5.436164]    avx       : 11711.000 MB/sec
[    5.440624] async_tx: api initialized (async)
[    5.462153] md: raid6 personality registered for level 6
[    5.465253] md: raid5 personality registered for level 5
[    5.468054] md: raid4 personality registered for level 4
[    5.484015] md: raid10 personality registered for level 10
done.
Begin: Running /scripts/init-premount ... done.
Begin: Mounting root file system ... Begin: Running /scripts/local-top ... done.
Begin: Running /scripts/local-premount ... [    5.539315] Btrfs loaded
Scanning for Btrfs filesystems
done.
Warning: fsck not present, so skipping root file system
[    5.594415] EXT4-fs (sda1): mounted filesystem with ordered data mode. Opts: (null)
done.
Begin: Running /scripts/local-bottom ... done.
Begin: Running /scripts/init-bottom ... done.
[    5.749141] systemd[1]: systemd 229 running in system mode. (+PAM +AUDIT +SELINUX +IMA +APPARMOR +SMACK +SYSVINIT +UTMP +LIBCRYPTSETUP +GCRYPT +GNUTLS +ACL +XZ -LZ4 +SECCOMP +BLKID +ELFUTILS +KMOD -IDN)
[    5.758104] systemd[1]: Detected virtualization oracle.
[    5.761224] systemd[1]: Detected architecture x86-64.

Welcome to [1mUbuntu 16.04.7 LTS[0m!

[    5.767921] systemd[1]: Set hostname to <ubuntu-xenial>.
[    5.974036] systemd[1]: Listening on Journal Socket.
[[0;32m  OK  [0m] Listening on Journal Socket.
[    5.976937] systemd[1]: Listening on Syslog Socket.
[[0;32m  OK  [0m] Listening on Syslog Socket.
[    5.984596] systemd[1]: Created slice System Slice.
[[0;32m  OK  [0m] Created slice System Slice.
[    5.996194] systemd[1]: Mounting POSIX Message Queue File System...
         Mounting POSIX Message Queue File System...
[    5.998465] systemd[1]: Listening on udev Control Socket.
[[0;32m  OK  [0m] Listening on udev Control Socket.
[    6.001377] systemd[1]: Starting Nameserver information manager...
         Starting Nameserver information manager...
[    6.013318] systemd[1]: Starting Uncomplicated firewall...
         Starting Uncomplicated firewall...
[    6.017680] systemd[1]: Starting Set console keymap...
         Starting Set console keymap...
[    6.019935] systemd[1]: Started Trigger resolvconf update for networkd DNS.
[[0;32m  OK  [0m] Started Trigger resolvconf update for networkd DNS.
[    6.023596] systemd[1]: Reached target Encrypted Volumes.
[[0;32m  OK  [0m] Reached target Encrypted Volumes.
[    6.032416] systemd[1]: Listening on LVM2 metadata daemon socket.
[[0;32m  OK  [0m] Listening on LVM2 metadata daemon socket.
[    6.035220] systemd[1]: Listening on Device-mapper event daemon FIFOs.
[[0;32m  OK  [0m] Listening on Device-mapper event daemon FIFOs.
[    6.044346] systemd[1]: Listening on udev Kernel Socket.
[[0;32m  OK  [0m] Listening on udev Kernel Socket.
[    6.069404] systemd[1]: Starting Monitoring of LVM2 mirrors, snapshots etc. using dmeventd or progress polling...
         Starting Monitoring of LVM2 mirrors... dmeventd or progress polling...
[    6.073364] systemd[1]: Started Forward Password Requests to Wall Directory Watch.
[[0;32m  OK  [0m] Started Forward Password Requests to Wall Directory Watch.
[    6.077078] systemd[1]: Listening on LVM2 poll daemon socket.
[[0;32m  OK  [0m] Listening on LVM2 poll daemon socket.
[    6.087096] systemd[1]: Created slice system-serial\x2dgetty.slice.
[[0;32m  OK  [0m] Created slice system-serial\x2dgetty.slice.
[    6.108463] systemd[1]: Starting Create list of required static device nodes for the current kernel...
         Starting Create list of required st... nodes for the current kernel...
[    6.113341] systemd[1]: Listening on fsck to fsckd communication Socket.
[[0;32m  OK  [0m] Listening on fsck to fsckd communication Socket.
[    6.118796] systemd[1]: Starting Load Kernel Modules...
         Starting Load Kernel Modules...
[    6.128710] Loading iSCSI transport class v2.0-870.
[    6.129462] systemd[1]: Starting File System Check on Root Device...
         Starting File System Check on Root Device...
[    6.133471] systemd[1]: Reached target Swap.
[[0;32m  OK  [0m] Reached target Swap.
[    6.136351] systemd[1]: Reached target User and Group Name Lookups.
[[0;32m  OK  [0m] Reached target User and Group Name Lookups.
[    6.139026] systemd[1]: Mounting Huge Pages File System...
         Mounting Huge Pages File System...
[    6.142710] systemd[1]: Listening on Journal Audit Socket.
[[0;32m  OK  [0m] Listening on Journal Audit Socket.
[    6.145987] iscsi: registered transport (tcp)
[    6.152620] systemd[1]: Created slice User and Session Slice.
[[0;32m  OK  [0m] Created slice User and Session Slice.
[    6.155412] systemd[1]: Reached target Slices.
[[0;32m  OK  [0m] Reached target Slices.
[    6.164780] systemd[1]: Listening on /dev/initctl Compatibility Named Pipe.
[[0;32m  OK  [0m] Listening on /dev/initctl Compatibility Named Pipe.
[    6.172498] systemd[1]: Listening on Journal Socket (/dev/log).
[[0;32m  OK  [0m] Listening on Journal Socket (/dev/log).
[    6.183521] iscsi: registered transport (iser)
[    6.200803] systemd[1]: Starting Journal Service...
         Starting Journal Service...
[    6.206162] systemd[1]: Set up automount Arbitrary Executable File Formats File System Automount Point.
[[0;32m  OK  [0m] Set up automount Arbitrary Executab...ats File System Automount Point.
[    6.217849] systemd[1]: Mounting Debug File System...
         Mounting Debug File System...
[    6.237023] systemd[1]: Reached target System Time Synchronized.
[[0;32m  OK  [0m] Reached target System Time Synchronized.
[    6.262466] systemd[1]: Mounted Huge Pages File System.
[[0;32m  OK  [0m] Mounted Huge Pages File System.
[    6.268570] systemd[1]: Mounted POSIX Message Queue File System.
[[0;32m  OK  [0m] Mounted POSIX Message Queue File System.
[    6.280757] systemd[1]: Mounted Debug File System.
[[0;32m  OK  [0m] Mounted Debug File System.
[    6.285381] systemd[1]: Started Journal Service.
[[0;32m  OK  [0m] Started Journal Service.
[[0;32m  OK  [0m] Started Uncomplicated firewall.
[[0;32m  OK  [0m] Started Set console keymap.
[[0;32m  OK  [0m] Started Create list of required sta...ce nodes for the current kernel.
[[0;32m  OK  [0m] Started Load Kernel Modules.
[[0;32m  OK  [0m] Started File System Check on Root Device.
[[0;32m  OK  [0m] Started Nameserver information manager.
[[0;32m  OK  [0m] Started LVM2 metadata daemon.
[[0;32m  OK  [0m] Started File System Check Daemon to report status.
         Starting Remount Root and Kernel File Systems...
         Starting Apply Kernel Variables...
         Mounting FUSE Control File System...
         Starting Create Static Device Nodes in /dev...
[    6.373447] EXT4-fs (sda1): re-mounted. Opts: (null)
[[0;32m  OK  [0m] Mounted FUSE Control File System.
[[0;32m  OK  [0m] Started Remount Root and Kernel File Systems.
         Starting udev Coldplug all Devices...
         Starting Flush Journal to Persistent Storage...
         Starting Load/Save Random Seed...
[[0;32m  OK  [0m] Started Apply Kernel Variables.
[[0;32m  OK  [0m] Started Load/Save Random Seed.
[[0;32m  OK  [0m] Started Flush Journal to Persistent Storage.
[[0;32m  OK  [0m] Started Create Static Device Nodes in /dev.
         Starting udev Kernel Device Manager...
[[0;32m  OK  [0m] Started udev Coldplug all Devices.
[[0;32m  OK  [0m] Started udev Kernel Device Manager.
[[0;32m  OK  [0m] Started Dispatch Password Requests to Console Directory Watch.
[[0;32m  OK  [0m] Found device /dev/ttyS0.
[[0;32m  OK  [0m] Listening on Load/Save RF Kill Switch Status /dev/rfkill Watch.
[[0;32m  OK  [0m] Started Monitoring of LVM2 mirrors,...ng dmeventd or progress polling.
[[0;32m  OK  [0m] Reached target Local File Systems (Pre).
[[0;32m  OK  [0m] Reached target Local File Systems.
         Starting Create Volatile Files and Directories...
         Starting Initial cloud-init job (pre-networking)...
         Starting Set console font and keymap...
         Starting Tell Plymouth To Write Out Runtime Data...
         Starting LSB: AppArmor initialization...
[[0;32m  OK  [0m] Started Create Volatile Files and Directories.
[[0;32m  OK  [0m] Started Tell Plymouth To Write Out Runtime Data.
         Starting Update UTMP about System Boot/Shutdown...
[[0;32m  OK  [0m] Started Update UTMP about System Boot/Shutdown.
[[0;32m  OK  [0m] Started LSB: AppArmor initialization.
[[0;32m  OK  [0m] Found device 82540EM Gigabit Ethern...r (PRO/1000 MT Desktop Adapter).
         Starting Load AppArmor profiles managed internally by snapd...
[[0;32m  OK  [0m] Started Load AppArmor profiles managed internally by snapd.
[[0;32m  OK  [0m] Started Set console font and keymap.
[[0;32m  OK  [0m] Created slice system-getty.slice.
[    8.578230] cloud-init[630]: Cloud-init v. 21.1-19-gbad84ad4-0ubuntu1~16.04.2 running 'init-local' at Tue, 18 Oct 2022 13:43:07 +0000. Up 8.12 seconds.
[[0;32m  OK  [0m] Started Initial cloud-init job (pre-networking).
[[0;32m  OK  [0m] Reached target Network (Pre).
         Starting Raise network interfaces...
[[0;32m  OK  [0m] Started ifup for enp0s3.
[[0;32m  OK  [0m] Started Raise network interfaces.
[[0;32m  OK  [0m] Reached target Network.
         Starting Initial cloud-init job (metadata service crawler)...
[    9.835773] cloud-init[1006]: Cloud-init v. 21.1-19-gbad84ad4-0ubuntu1~16.04.2 running 'init' at Tue, 18 Oct 2022 13:43:08 +0000. Up 9.33 seconds.
[    9.844886] cloud-init[1006]: ci-info: ++++++++++++++++++++++++++++++++++++++Net device info+++++++++++++++++++++++++++++++++++++++
[    9.848848] cloud-init[1006]: ci-info: +--------+-------+----------------------------+---------------+--------+-------------------+
[    9.853368] cloud-init[1006]: ci-info: | Device |   Up  |          Address           |      Mask     | Scope  |     Hw-Address    |
[    9.857370] cloud-init[1006]: ci-info: +--------+-------+----------------------------+---------------+--------+-------------------+
[    9.860932] cloud-init[1006]: ci-info: | enp0s3 |  True |         10.0.2.15          | 255.255.255.0 | global | 02:be:82:6b:cc:1d |
[    9.865025] cloud-init[1006]: ci-info: | enp0s3 |  True | fe80::be:82ff:fe6b:cc1d/64 |       .       |  link  | 02:be:82:6b:cc:1d |
[    9.869113] cloud-init[1006]: ci-info: | enp0s8 | False |             .              |       .       |   .    | 08:00:27:75:25:d1 |
[    9.872932] cloud-init[1006]: ci-info: |   lo   |  True |         127.0.0.1          |   255.0.0.0   |  host  |         .         |
[    9.877007] cloud-init[1006]: ci-info: |   lo   |  True |          ::1/128           |       .       |  host  |         .         |
[    9.880765] cloud-init[1006]: ci-info: +--------+-------+----------------------------+---------------+--------+-------------------+
[    9.885161] cloud-init[1006]: ci-info: +++++++++++++++++++++++++++Route IPv4 info++++++++++++++++++++++++++++
[    9.889091] cloud-init[1006]: ci-info: +-------+-------------+----------+---------------+-----------+-------+
[    9.892422] cloud-init[1006]: ci-info: | Route | Destination | Gateway  |    Genmask    | Interface | Flags |
[    9.896315] cloud-init[1006]: ci-info: +-------+-------------+----------+---------------+-----------+-------+
[    9.904712] cloud-init[1006]: ci-info: |   0   |   0.0.0.0   | 10.0.2.2 |    0.0.0.0    |   enp0s3  |   UG  |
[    9.908307] cloud-init[1006]: ci-info: |   1   |   10.0.2.0  | 0.0.0.0  | 255.255.255.0 |   enp0s3  |   U   |
[    9.911713] cloud-init[1006]: ci-info: +-------+-------------+----------+---------------+-----------+-------+
[    9.920870] cloud-init[1006]: ci-info: +++++++++++++++++++Route IPv6 info+++++++++++++++++++
[    9.923897] cloud-init[1006]: ci-info: +-------+-------------+---------+-----------+-------+
[    9.932707] cloud-init[1006]: ci-info: | Route | Destination | Gateway | Interface | Flags |
[    9.935114] cloud-init[[0;32m  OK  [0m] Started Initial cloud-init job (metadata service crawler).
[[0;32m  OK  [0m] Reached target Cloud-config availability.
[1006]: ci-info: +-------+-------------+---------+-----------+-------+
[    9.949063] cloud-init[1006]: ci-info: |   0   |  fe80::/64  |    ::   |   enp0s3  |   U   |
[    9.952356] cloud-init[1006]: ci-info: |   3   |   ff00::/8  |    ::   |   enp0s3  |   U   |
[    9.952773] cloud-init[1006]: ci-info: +-------+-------------+---------+-----------+-------+
[[0;32m  OK  [0m] Reached target System Initialization.
[[0;32m  OK  [0m] Listening on D-Bus System Message Bus Socket.
[[0;32m  OK  [0m] Started Daily Cleanup of Temporary Directories.
[[0;32m  OK  [0m] Listening on UUID daemon activation socket.
[[0;32m  OK  [0m] Started Message of the Day.
[[0;32m  OK  [0m] Started ACPI Events Check.
[[0;32m  OK  [0m] Reached target Paths.
[[0;32m  OK  [0m] Started Ubuntu Advantage Timer for running repeated jobs.
         Starting LXD - unix socket.
[[0;32m  OK  [0m] Listening on ACPID Listen Socket.
[[0;32m  OK  [0m] Started Daily apt download activities.
[[0;32m  OK  [0m] Started Daily apt upgrade and clean activities.
[[0;32m  OK  [0m] Reached target Timers.
         Starting Socket activation for snappy daemon.
[[0;32m  OK  [0m] Reached target Network is Online.
         Starting iSCSI initiator daemon (iscsid)...
[[0;32m  OK  [0m] Listening on LXD - unix socket.
[[0;32m  OK  [0m] Listening on Socket activation for snappy daemon.
[[0;32m  OK  [0m] Reached target Sockets.
[[0;32m  OK  [0m] Reached target Basic System.
[[0;32m  OK  [0m] Started D-Bus System Message Bus.
[[0;32m  OK  [0m] Started FUSE filesystem for LXC.
         Starting LSB: Record successful boot for GRUB...
         Starting Accounts Service...
[[0;32m  OK  [0m] Started ACPI event daemon.
[[0;32m  OK  [0m] Started Deferred execution scheduler.
         Starting Virtualbox guest utils...
[[0;32m  OK  [0m] Started Regular background program processing daemon.
         Starting System Logging Service...
         Starting /etc/rc.local Compatibility...
         Starting Login Service...
         Starting OpenBSD Secure Shell server...
         Starting A high performance web server and a reverse proxy server...
         Starting Snap Daemon...
         Starting LSB: MD monitoring daemon...
         Starting LXD - container startup/shutdown...
[[0;32m  OK  [0m] Started System Logging Service.
[[0;32m  OK  [0m] Started iSCSI initiator daemon (iscsid).
[[0;32m  OK  [0m] Started /etc/rc.local Compatibility.
         Starting Authenticate and Authorize Users to Run Privileged Tasks...
         Starting Login to default iSCSI targets...
[[0;32m  OK  [0m] Started LSB: Record successful boot for GRUB.
[[0;32m  OK  [0m] Started OpenBSD Secure Shell server.
[[0;32m  OK  [0m] Started Login Service.
[[0;32m  OK  [0m] Started Unattended Upgrades Shutdown.
[[0;32m  OK  [0m] Started LSB: MD monitoring daemon.
[[0;32m  OK  [0m] Started Authenticate and Authorize Users to Run Privileged Tasks.
[[0;32m  OK  [0m] Started Accounts Service.
[[0;32m  OK  [0m] Started Login to default iSCSI targets.
[[0;32m  OK  [0m] Reached target Remote File Systems (Pre).
[[0;32m  OK  [0m] Reached target Remote File Systems.
         Starting LSB: automatic crash report generation...
         Starting LSB: Set the CPU Frequency Scaling governor to "ondemand"...
         Starting Permit User Sessions...
         Starting LSB: daemon to balance interrupts for SMP systems...
[[0;32m  OK  [0m] Started Permit User Sessions.
         Starting Hold until boot process finishes up...
         Starting Terminate Plymouth Boot Screen...
[[0;32m  OK  [0m] Started Hold until boot process finishes up.
[[0;32m  OK  [0m] Started Getty on tty1.
[[0;32m  OK  [0m] Started Serial Getty on ttyS0.
[[0;32m  OK  [0m] Reached target Login Prompts.
         Starting Set console scheme...
[[0;32m  OK  [0m] Started Terminate Plymouth Boot Screen.
[[0;32m  OK  [0m] Started Set console scheme.
[[0;32m  OK  [0m] Started Virtualbox guest utils.
[[0;32m  OK  [0m] Started LSB: Set the CPU Frequency Scaling governor to "ondemand".
[[0;32m  OK  [0m] Started A high performance web server and a reverse proxy server.
[[0;32m  OK  [0m] Started LSB: automatic crash report generation.
[[0;32m  OK  [0m] Started LSB: daemon to balance interrupts for SMP systems.
[[0;32m  OK  [0m] Started LXD - container startup/shutdown.
[[0;32m  OK  [0m] Started Snap Daemon.
         Starting Wait until snapd is fully seeded...
[[0;32m  OK  [0m] Started Wait until snapd is fully seeded.
         Starting Apply the settings specified in cloud-config...
[   11.196215] cloud-init[1274]: Cloud-init v. 21.1-19-gbad84ad4-0ubuntu1~16.04.2 running 'modules:config' at Tue, 18 Oct 2022 13:43:10 +0000. Up 11.07 seconds.
[[0;32m  OK  [0m] Started Apply the settings specified in cloud-config.
         Starting cloud-id shim...
[[0;32m  OK  [0m] Created slice User Slice of vagrant.
         Starting User Manager for UID 1000...
[[0;32m  OK  [0m] Started Session 1 of user vagrant.
[[0;32m  OK  [0m] Started User Manager for UID 1000.
[[0;32m  OK  [0m] Started cloud-id shim.
[[0;32m  OK  [0m] Reached target Multi-User System.
[[0;32m  OK  [0m] Reached target Graphical Interface.
         Starting Execute cloud user/final scripts...
         Starting Update UTMP about System Runlevel Changes...
[[0;32m  OK  [0m] Started Update UTMP about System Runlevel Changes.
[   12.172157] cloud-init[1358]: Cloud-init v. 21.1-19-gbad84ad4-0ubuntu1~16.04.2 running 'modules:final' at Tue, 18 Oct 2022 13:43:11 +0000. Up 11.99 seconds.
[   12.176403] cloud-init[1358]: Cloud-init v. 21.1-19-gbad84ad4-0ubuntu1~16.04.2 finished at Tue, 18 Oct 2022 13:43:11 +0000. Datasource DataSourceNoCloud [seed=/dev/sdb][dsmode=net].  Up 12.16 seconds
[[0;32m  OK  [0m] Started Execute cloud user/final scripts.
[[0;32m  OK  [0m] Reached target Cloud-init target.

Ubuntu 16.04.7 LTS ubuntu-xenial ttyS0

ubuntu-xenial login: 